Discord 0.0.9
Starting app.
Starting updater.
[Modules] Modules initializing
[Modules] Distribution: remote
[Modules] Host updates: enabled
[Modules] Module updates: enabled
[Modules] Module install path: /home/matt/snap/discord/101/.config/discord/0.0.9/modules
[Modules] Module installed file path: /home/matt/snap/discord/101/.config/discord/0.0.9/modules/installed.json
[Modules] Module download path: /home/matt/snap/discord/101/.config/discord/0.0.9/modules/pending
[Modules] No updates to install
[Modules] Checking for host updates.
[Modules] Host is up to date.
[Modules] Checking for module updates at https://discordapp.com/api/modules/stable/versions.json
[Modules] No module updates available.
Discord 0.0.9
Starting app.
Starting updater.
[Modules] Modules initializing
[Modules] Distribution: remote
[Modules] Host updates: enabled
[Modules] Module updates: enabled
[Modules] Module install path: /home/matt/snap/discord/101/.config/discord/0.0.9/modules
[Modules] Module installed file path: /home/matt/snap/discord/101/.config/discord/0.0.9/modules/installed.json
[Modules] Module download path: /home/matt/snap/discord/101/.config/discord/0.0.9/modules/pending
[Modules] No updates to install
[Modules] Checking for host updates.
[Modules] Host is up to date.
[Modules] Checking for module updates at https://discordapp.com/api/modules/stable/versions.json
[Modules] No module updates available.
Discord 0.0.9
Starting app.
Starting updater.
[Modules] Modules initializing
[Modules] Distribution: remote
[Modules] Host updates: enabled
[Modules] Module updates: enabled
[Modules] Module install path: /home/matt/snap/discord/101/.config/discord/0.0.9/modules
[Modules] Module installed file path: /home/matt/snap/discord/101/.config/discord/0.0.9/modules/installed.json
[Modules] Module download path: /home/matt/snap/discord/101/.config/discord/0.0.9/modules/pending
[Modules] No updates to install
[Modules] Checking for host updates.
[Modules] Host is up to date.
[Modules] Checking for module updates at https://discordapp.com/api/modules/stable/versions.json
[Modules] No module updates available.
Fontconfig warning: "/etc/fonts/conf.avail/53-monospace-lcd-filter.conf", line 10: Having multiple values in <test> isn't supported and may not work as expected
Discord 0.0.9
Starting app.
Starting updater.
[Modules] Modules initializing
[Modules] Distribution: remote
[Modules] Host updates: enabled
[Modules] Module updates: enabled
[Modules] Module install path: /home/matt/snap/discord/101/.config/discord/0.0.9/modules
[Modules] Module installed file path: /home/matt/snap/discord/101/.config/discord/0.0.9/modules/installed.json
[Modules] Module download path: /home/matt/snap/discord/101/.config/discord/0.0.9/modules/pending
[Modules] No updates to install
[Modules] Checking for host updates.
[Modules] Host is up to date.
[Modules] Checking for module updates at https://discordapp.com/api/modules/stable/versions.json
[Modules] No module updates available.
Discord 0.0.9
Starting app.
Starting updater.
[Modules] Modules initializing
[Modules] Distribution: remote
[Modules] Host updates: enabled
[Modules] Module updates: enabled
[Modules] Module install path: /home/matt/snap/discord/101/.config/discord/0.0.9/modules
[Modules] Module installed file path: /home/matt/snap/discord/101/.config/discord/0.0.9/modules/installed.json
[Modules] Module download path: /home/matt/snap/discord/101/.config/discord/0.0.9/modules/pending
[Modules] No updates to install
[Modules] Checking for host updates.
[Modules] Host is up to date.
[Modules] Checking for module updates at https://discordapp.com/api/modules/stable/versions.json
[Modules] No module updates available.
